<?xml version="1.0" encoding="UTF-8"?>
<robot rpa="false" generated="20190917 23:02:58.641" generator="Robot 3.1.2 (Python 2.7.15+ on linux2)">
<suite source="/home/godtdd/workspace/meetup-2019-09-19/3-selenium-options" id="s1" name="3-Selenium-Options">
<suite source="/home/godtdd/workspace/meetup-2019-09-19/3-selenium-options/selenium_options.robot" id="s1-s1" name="Selenium Options">
<test id="s1-s1-t1" name="Chrome Browser With Selenium Options As String">
<kw name="Open Browser" library="SeleniumLibrary">
<doc>Opens a new browser instance to the given ``url``.</doc>
<arguments>
<arg>${FRONT PAGE}</arg>
<arg>${BROWSER}</arg>
<arg>options=add_argument("--disable-dev-shm-usage" );headless=True</arg>
</arguments>
<msg timestamp="20190917 23:02:58.918" level="TRACE">Arguments: [ 'http://localhost:7000/html/' | 'Chrome' | options='add_argument("--disable-dev-shm-usage" );headless=True' ]</msg>
<msg timestamp="20190917 23:02:58.918" level="INFO">Opening browser 'Chrome' to base url 'http://localhost:7000/html/'.</msg>
<msg timestamp="20190917 23:02:59.931" level="DEBUG">POST http://127.0.0.1:36329/session {"capabilities": {"alwaysMatch": {"goog:chromeOptions": {"args": ["--disable-dev-shm-usage", "--headless"], "extensions": []}, "browserName": "chrome", "platformName": "any"}, "firstMatch": [{}]}, "desiredCapabilities": {"goog:chromeOptions": {"args": ["--disable-dev-shm-usage", "--headless"], "extensions": []}, "platform": "ANY", "browserName": "chrome", "version": ""}}</msg>
<msg timestamp="20190917 23:02:59.935" level="DEBUG">Starting new HTTP connection (1): 127.0.0.1:36329</msg>
<msg timestamp="20190917 23:03:00.149" level="DEBUG">http://127.0.0.1:36329 "POST /session HTTP/1.1" 200 641</msg>
<msg timestamp="20190917 23:03:00.149" level="DEBUG">Finished Request</msg>
<msg timestamp="20190917 23:03:00.150" level="DEBUG">POST http://127.0.0.1:36329/session/8ce9bc5f9860a7d3efbf91795e038e3e/timeouts {"script": 5000}</msg>
<msg timestamp="20190917 23:03:00.151" level="DEBUG">http://127.0.0.1:36329 "POST /session/8ce9bc5f9860a7d3efbf91795e038e3e/timeouts HTTP/1.1" 200 14</msg>
<msg timestamp="20190917 23:03:00.151" level="DEBUG">Finished Request</msg>
<msg timestamp="20190917 23:03:00.152" level="DEBUG">POST http://127.0.0.1:36329/session/8ce9bc5f9860a7d3efbf91795e038e3e/timeouts {"implicit": 0}</msg>
<msg timestamp="20190917 23:03:00.153" level="DEBUG">http://127.0.0.1:36329 "POST /session/8ce9bc5f9860a7d3efbf91795e038e3e/timeouts HTTP/1.1" 200 14</msg>
<msg timestamp="20190917 23:03:00.153" level="DEBUG">Finished Request</msg>
<msg timestamp="20190917 23:03:00.153" level="DEBUG">POST http://127.0.0.1:36329/session/8ce9bc5f9860a7d3efbf91795e038e3e/url {"url": "http://localhost:7000/html/"}</msg>
<msg timestamp="20190917 23:03:00.235" level="DEBUG">http://127.0.0.1:36329 "POST /session/8ce9bc5f9860a7d3efbf91795e038e3e/url HTTP/1.1" 200 14</msg>
<msg timestamp="20190917 23:03:00.236" level="DEBUG">Finished Request</msg>
<msg timestamp="20190917 23:03:00.236" level="DEBUG">Opened browser with session id 8ce9bc5f9860a7d3efbf91795e038e3e.</msg>
<msg timestamp="20190917 23:03:00.236" level="TRACE">Return: 1</msg>
<status status="PASS" endtime="20190917 23:03:00.236" starttime="20190917 23:02:58.917"></status>
</kw>
<status status="PASS" endtime="20190917 23:03:00.237" critical="yes" starttime="20190917 23:02:58.917"></status>
</test>
<test id="s1-s1-t2" name="Chrome Browser With Selenium Options Object">
<kw name="Get Chrome Options" library="get_selenium_options">
<assign>
<var>${options}</var>
</assign>
<msg timestamp="20190917 23:03:00.238" level="TRACE">Arguments: [  ]</msg>
<msg timestamp="20190917 23:03:00.239" level="TRACE">Return: &lt;selenium.webdriver.chrome.options.Options object at 0x7faa86f4d150&gt;</msg>
<msg timestamp="20190917 23:03:00.239" level="INFO">${options} = &lt;selenium.webdriver.chrome.options.Options object at 0x7faa86f4d150&gt;</msg>
<status status="PASS" endtime="20190917 23:03:00.239" starttime="20190917 23:03:00.238"></status>
</kw>
<kw name="Open Browser" library="SeleniumLibrary">
<doc>Opens a new browser instance to the given ``url``.</doc>
<arguments>
<arg>${FRONT PAGE}</arg>
<arg>${BROWSER}</arg>
<arg>options=${options}</arg>
</arguments>
<msg timestamp="20190917 23:03:00.239" level="TRACE">Arguments: [ 'http://localhost:7000/html/' | 'Chrome' | options=&lt;selenium.webdriver.chrome.options.Options object at 0x7faa86f4d150&gt; ]</msg>
<msg timestamp="20190917 23:03:00.240" level="INFO">Opening browser 'Chrome' to base url 'http://localhost:7000/html/'.</msg>
<msg timestamp="20190917 23:03:01.251" level="DEBUG">POST http://127.0.0.1:50801/session {"capabilities": {"alwaysMatch": {"goog:chromeOptions": {"args": ["--disable-dev-shm-usage"], "extensions": []}, "browserName": "chrome", "platformName": "any"}, "firstMatch": [{}]}, "desiredCapabilities": {"goog:chromeOptions": {"args": ["--disable-dev-shm-usage"], "extensions": []}, "platform": "ANY", "browserName": "chrome", "version": ""}}</msg>
<msg timestamp="20190917 23:03:01.256" level="DEBUG">Starting new HTTP connection (1): 127.0.0.1:50801</msg>
<msg timestamp="20190917 23:03:01.851" level="DEBUG">http://127.0.0.1:50801 "POST /session HTTP/1.1" 200 641</msg>
<msg timestamp="20190917 23:03:01.851" level="DEBUG">Finished Request</msg>
<msg timestamp="20190917 23:03:01.851" level="DEBUG">POST http://127.0.0.1:50801/session/cb729e93d3dc58877e0fb72c118df186/timeouts {"script": 5000}</msg>
<msg timestamp="20190917 23:03:01.853" level="DEBUG">http://127.0.0.1:50801 "POST /session/cb729e93d3dc58877e0fb72c118df186/timeouts HTTP/1.1" 200 14</msg>
<msg timestamp="20190917 23:03:01.853" level="DEBUG">Finished Request</msg>
<msg timestamp="20190917 23:03:01.854" level="DEBUG">POST http://127.0.0.1:50801/session/cb729e93d3dc58877e0fb72c118df186/timeouts {"implicit": 0}</msg>
<msg timestamp="20190917 23:03:01.862" level="DEBUG">http://127.0.0.1:50801 "POST /session/cb729e93d3dc58877e0fb72c118df186/timeouts HTTP/1.1" 200 14</msg>
<msg timestamp="20190917 23:03:01.863" level="DEBUG">Finished Request</msg>
<msg timestamp="20190917 23:03:01.863" level="DEBUG">POST http://127.0.0.1:50801/session/cb729e93d3dc58877e0fb72c118df186/url {"url": "http://localhost:7000/html/"}</msg>
<msg timestamp="20190917 23:03:02.010" level="DEBUG">http://127.0.0.1:50801 "POST /session/cb729e93d3dc58877e0fb72c118df186/url HTTP/1.1" 200 14</msg>
<msg timestamp="20190917 23:03:02.011" level="DEBUG">Finished Request</msg>
<msg timestamp="20190917 23:03:02.011" level="DEBUG">Opened browser with session id cb729e93d3dc58877e0fb72c118df186.</msg>
<msg timestamp="20190917 23:03:02.011" level="TRACE">Return: 2</msg>
<status status="PASS" endtime="20190917 23:03:02.011" starttime="20190917 23:03:00.239"></status>
</kw>
<status status="PASS" endtime="20190917 23:03:02.011" critical="yes" starttime="20190917 23:03:00.237"></status>
</test>
<test id="s1-s1-t3" name="Chrome Browser With Selenium Options Invalid Method">
<kw name="Run Keyword And Expect Error" library="BuiltIn">
<doc>Runs the keyword and checks that the expected error occurred.</doc>
<arguments>
<arg>AttributeError: 'Options' object has no attribute 'not_here_method'</arg>
<arg>Open Browser</arg>
<arg>${FRONT PAGE}</arg>
<arg>${BROWSER}</arg>
<arg>options=not_here_method("arg1")</arg>
</arguments>
<msg timestamp="20190917 23:03:02.013" level="TRACE">Arguments: [ "AttributeError: 'Options' object has no attribute 'not_here_method'" | 'Open Browser' | '${FRONT PAGE}' | '${BROWSER}' | 'options=not_here_method("arg1")' ]</msg>
<kw name="Open Browser" library="SeleniumLibrary">
<doc>Opens a new browser instance to the given ``url``.</doc>
<arguments>
<arg>${FRONT PAGE}</arg>
<arg>${BROWSER}</arg>
<arg>options=not_here_method("arg1")</arg>
</arguments>
<msg timestamp="20190917 23:03:02.016" level="TRACE">Arguments: [ 'http://localhost:7000/html/' | 'Chrome' | options='not_here_method("arg1")' ]</msg>
<msg timestamp="20190917 23:03:02.017" level="INFO">Opening browser 'Chrome' to base url 'http://localhost:7000/html/'.</msg>
<kw name="Capture Page Screenshot" library="SeleniumLibrary">
<doc>Takes screenshot of the current page and embeds it into log file.</doc>
<msg timestamp="20190917 23:03:02.018" level="TRACE">Arguments: [  ]</msg>
<msg timestamp="20190917 23:03:02.019" level="DEBUG">GET http://127.0.0.1:50801/session/cb729e93d3dc58877e0fb72c118df186/screenshot {}</msg>
<msg timestamp="20190917 23:03:02.128" level="DEBUG">http://127.0.0.1:50801 "GET /session/cb729e93d3dc58877e0fb72c118df186/screenshot HTTP/1.1" 200 18680</msg>
<msg timestamp="20190917 23:03:02.129" level="DEBUG">Finished Request</msg>
<msg timestamp="20190917 23:03:02.129" html="yes" level="INFO">&lt;/td&gt;&lt;/tr&gt;&lt;tr&gt;&lt;td colspan="3"&gt;&lt;a href="selenium-screenshot-1.png"&gt;&lt;img src="selenium-screenshot-1.png" width="800px"&gt;&lt;/a&gt;</msg>
<msg timestamp="20190917 23:03:02.129" level="TRACE">Return: '/home/godtdd/workspace/meetup-2019-09-19/docs/demo3/selenium-screenshot-1.png'</msg>
<status status="PASS" endtime="20190917 23:03:02.129" starttime="20190917 23:03:02.017"></status>
</kw>
<msg timestamp="20190917 23:03:02.130" level="FAIL">AttributeError: 'Options' object has no attribute 'not_here_method'</msg>
<msg timestamp="20190917 23:03:02.130" level="DEBUG">Traceback (most recent call last):
  File "/home/godtdd/.local/lib/python2.7/site-packages/SeleniumLibrary/__init__.py", line 467, in run_keyword
    return DynamicCore.run_keyword(self, name, args, kwargs)
  File "/home/godtdd/.local/lib/python2.7/site-packages/SeleniumLibrary/base/robotlibcore.py", line 102, in run_keyword
    return self.keywords[name](*args, **kwargs)
  File "/home/godtdd/.local/lib/python2.7/site-packages/SeleniumLibrary/keywords/browsermanagement.py", line 249, in open_browser
    options, service_log_path)
  File "/home/godtdd/.local/lib/python2.7/site-packages/SeleniumLibrary/keywords/browsermanagement.py", line 261, in _make_new_browser
    options, service_log_path)
  File "/home/godtdd/.local/lib/python2.7/site-packages/SeleniumLibrary/keywords/browsermanagement.py", line 632, in _make_driver
    profile_dir=profile_dir, options=options, service_log_path=service_log_path)
  File "/home/godtdd/.local/lib/python2.7/site-packages/SeleniumLibrary/keywords/webdrivertools/webdrivertools.py", line 67, in create_driver
    options = self.selenium_options.create(self.browser_names.get(browser), options)
  File "/home/godtdd/.local/lib/python2.7/site-packages/SeleniumLibrary/keywords/webdrivertools/webdrivertools.py", line 397, in create
    attr = getattr(selenium_options, key)</msg>
<status status="FAIL" endtime="20190917 23:03:02.130" starttime="20190917 23:03:02.016"></status>
</kw>
<msg timestamp="20190917 23:03:02.131" level="TRACE">Return: "AttributeError: 'Options' object has no attribute 'not_here_method'"</msg>
<status status="PASS" endtime="20190917 23:03:02.131" starttime="20190917 23:03:02.013"></status>
</kw>
<status status="PASS" endtime="20190917 23:03:02.132" critical="yes" starttime="20190917 23:03:02.012"></status>
</test>
<kw type="teardown" name="Close All Browsers" library="SeleniumLibrary">
<doc>Closes all open browsers and resets the browser cache.</doc>
<msg timestamp="20190917 23:03:02.133" level="TRACE">Arguments: [  ]</msg>
<msg timestamp="20190917 23:03:02.133" level="DEBUG">Closing all browsers.</msg>
<msg timestamp="20190917 23:03:02.133" level="DEBUG">DELETE http://127.0.0.1:36329/session/8ce9bc5f9860a7d3efbf91795e038e3e {}</msg>
<msg timestamp="20190917 23:03:02.186" level="DEBUG">http://127.0.0.1:36329 "DELETE /session/8ce9bc5f9860a7d3efbf91795e038e3e HTTP/1.1" 200 14</msg>
<msg timestamp="20190917 23:03:02.186" level="DEBUG">Finished Request</msg>
<msg timestamp="20190917 23:03:02.192" level="DEBUG">DELETE http://127.0.0.1:50801/session/cb729e93d3dc58877e0fb72c118df186 {}</msg>
<msg timestamp="20190917 23:03:02.248" level="DEBUG">http://127.0.0.1:50801 "DELETE /session/cb729e93d3dc58877e0fb72c118df186 HTTP/1.1" 200 14</msg>
<msg timestamp="20190917 23:03:02.248" level="DEBUG">Finished Request</msg>
<msg timestamp="20190917 23:03:02.250" level="TRACE">Return: None</msg>
<status status="PASS" endtime="20190917 23:03:02.251" starttime="20190917 23:03:02.133"></status>
</kw>
<status status="PASS" endtime="20190917 23:03:02.251" starttime="20190917 23:02:58.669"></status>
</suite>
<status status="PASS" endtime="20190917 23:03:02.255" starttime="20190917 23:02:58.642"></status>
</suite>
<statistics>
<total>
<stat fail="0" pass="3">Critical Tests</stat>
<stat fail="0" pass="3">All Tests</stat>
</total>
<tag>
</tag>
<suite>
<stat fail="0" id="s1" name="3-Selenium-Options" pass="3">3-Selenium-Options</stat>
<stat fail="0" id="s1-s1" name="Selenium Options" pass="3">3-Selenium-Options.Selenium Options</stat>
</suite>
</statistics>
<errors>
</errors>
</robot>
